<?xml version="1.0" encoding="UTF-8"?>
<testng-results skipped="0" failed="0" ignored="0" total="1" passed="1">
  <reporter-output>
  </reporter-output>
  <suite name="Default suite" duration-ms="9034" started-at="2023-04-05T17:44:38 EDT" finished-at="2023-04-05T17:44:47 EDT">
    <groups>
    </groups>
    <test name="Default test" duration-ms="9034" started-at="2023-04-05T17:44:38 EDT" finished-at="2023-04-05T17:44:47 EDT">
      <class name="test.ValidateAll$validateAll">
        <test-method status="PASS" signature="ValidateAllTest()[pri:0, instance:test.ValidateAll$validateAll@5f282abb]" name="ValidateAllTest" duration-ms="8958" started-at="2023-04-05T17:44:38 EDT" finished-at="2023-04-05T17:44:47 EDT">
          <reporter-output>
          </reporter-output>
        </test-method> <!-- ValidateAllTest -->
      </class> <!-- test.ValidateAll$validateAll -->
    </test> <!-- Default test -->
  </suite> <!-- Default suite -->
</testng-results>
